2011-03-08 17:09:57 Notice: Notice (1024): Please change the value of 'Security.salt' in app/config/core.php to a salt value specific to your application in [/Library/WebServer/Documents/p10books_func/cake/libs/debugger.php, line 684]
2011-03-08 17:09:57 Notice: Notice (1024): Please change the value of 'Security.cipherSeed' in app/config/core.php to a numeric (digits only) seed value specific to your application in [/Library/WebServer/Documents/p10books_func/cake/libs/debugger.php, line 688]
2011-03-14 14:47:39 Notice: Notice (8): Undefined index: q in [/Library/WebServer/Documents/p10books_func/app/controllers/books_controller.php, line 14]
2011-03-14 14:47:58 Notice: Notice (8): Undefined offset: 0 in [/Library/WebServer/Documents/p10books_func/app/controllers/books_controller.php, line 14]
2011-03-14 14:48:08 Notice: Notice (8): Use of undefined constant length - assumed 'length' in [/Library/WebServer/Documents/p10books_func/app/controllers/books_controller.php, line 14]
2011-03-14 15:50:07 Notice: Notice (8): Undefined property: View::$Paginator in [/Library/WebServer/Documents/p10books_func/app/views/books/search.ctp, line 7]
2011-03-14 15:50:37 Notice: Notice (8): Undefined property: View::$Paginator in [/Library/WebServer/Documents/p10books_func/app/views/books/search.ctp, line 36]
2011-03-14 18:03:56 Notice: Notice (8): Undefined variable: query in [/Library/WebServer/Documents/p10books_func/app/views/books/search.ctp, line 2]
2011-03-15 18:33:17 Notice: Notice (8): Undefined variable: singular in [/Library/WebServer/Documents/p10books_func/cake/basics.php, line 658]
2011-03-15 20:00:59 Notice: Notice (8): Undefined property: AuthComponent::$Acl in [/Library/WebServer/Documents/p10books_func/cake/libs/controller/components/auth.php, line 527]
2011-03-15 20:01:41 Notice: Notice (8): Undefined property: AuthComponent::$Acl in [/Library/WebServer/Documents/p10books_func/cake/libs/controller/components/auth.php, line 527]
2011-03-15 20:09:27 Notice: Notice (8): Undefined property: View::$Auth in [/Library/WebServer/Documents/p10books_func/app/views/layouts/default.ctp, line 36]
2011-03-19 13:36:05 Notice: Notice (8): Undefined property: UsersController::$Session in [/Library/WebServer/Documents/p10books_func/app/controllers/users_controller.php, line 27]
2011-03-21 21:07:25 Notice: Notice (8): Array to string conversion in [/Library/WebServer/Documents/p10books_func/cake/libs/model/datasources/dbo_source.php, line 749]
2011-03-21 21:10:34 Notice: Notice (8): Undefined variable: file in [/Library/WebServer/Documents/p10books_func/app/controllers/books_controller.php, line 45]
2011-03-21 21:13:44 Notice: Notice (8): Undefined variable: file in [/Library/WebServer/Documents/p10books_func/app/controllers/books_controller.php, line 45]
2011-03-21 21:13:48 Notice: Notice (8): Undefined variable: file in [/Library/WebServer/Documents/p10books_func/app/controllers/books_controller.php, line 45]
2011-03-21 21:14:14 Notice: Notice (8): Undefined variable: file in [/Library/WebServer/Documents/p10books_func/app/controllers/books_controller.php, line 45]
2011-03-21 21:14:41 Notice: Notice (8): Undefined variable: file in [/Library/WebServer/Documents/p10books_func/app/controllers/books_controller.php, line 45]
2011-03-21 21:14:58 Notice: Notice (8): Undefined variable: file in [/Library/WebServer/Documents/p10books_func/app/controllers/books_controller.php, line 45]
2011-03-21 21:15:19 Notice: Notice (8): Undefined variable: file in [/Library/WebServer/Documents/p10books_func/app/controllers/books_controller.php, line 45]
2011-03-21 21:16:59 Notice: Notice (8): Undefined variable: file in [/Library/WebServer/Documents/p10books_func/app/controllers/books_controller.php, line 48]
2011-03-21 21:18:19 Notice: Notice (8): Undefined variable: file in [/Library/WebServer/Documents/p10books_func/app/controllers/books_controller.php, line 48]
2011-03-21 21:21:40 Notice: Notice (8): Undefined variable: file in [/Library/WebServer/Documents/p10books_func/app/controllers/books_controller.php, line 48]
2011-03-21 21:22:46 Notice: Notice (8): Undefined variable: file in [/Library/WebServer/Documents/p10books_func/app/controllers/books_controller.php, line 48]
2011-03-21 21:23:17 Notice: Notice (8): Undefined variable: file in [/Library/WebServer/Documents/p10books_func/app/controllers/books_controller.php, line 48]
2011-03-21 21:24:33 Notice: Notice (8): Undefined variable: file in [/Library/WebServer/Documents/p10books_func/app/controllers/books_controller.php, line 50]
2011-03-21 21:25:44 Notice: Notice (8): Undefined variable: file in [/Library/WebServer/Documents/p10books_func/app/controllers/books_controller.php, line 50]
2011-03-21 21:25:44 Notice: Notice (8): Undefined variable: file in [/Library/WebServer/Documents/p10books_func/app/controllers/books_controller.php, line 50]
2011-03-21 21:26:31 Notice: Notice (8): Undefined variable: file in [/Library/WebServer/Documents/p10books_func/app/controllers/books_controller.php, line 50]
2011-03-21 21:26:55 Notice: Notice (8): Undefined variable: file in [/Library/WebServer/Documents/p10books_func/app/controllers/books_controller.php, line 50]
2011-03-21 21:27:56 Notice: Notice (8): Undefined variable: file in [/Library/WebServer/Documents/p10books_func/app/controllers/books_controller.php, line 50]
2011-03-21 21:28:34 Notice: Notice (8): Undefined variable: file in [/Library/WebServer/Documents/p10books_func/app/controllers/books_controller.php, line 50]
2011-03-21 21:32:57 Notice: Notice (8): Array to string conversion in [/Library/WebServer/Documents/p10books_func/cake/libs/model/datasources/dbo_source.php, line 749]
2011-03-21 21:33:31 Notice: Notice (8): Use of undefined constant Book - assumed 'Book' in [/Library/WebServer/Documents/p10books_func/app/controllers/books_controller.php, line 51]
2011-03-21 21:33:31 Notice: Notice (8): Use of undefined constant coverpage - assumed 'coverpage' in [/Library/WebServer/Documents/p10books_func/app/controllers/books_controller.php, line 51]
2011-03-21 21:46:00 Notice: Notice (8): Undefined property: Book::$title in [/Library/WebServer/Documents/p10books_func/app/controllers/books_controller.php, line 44]
2011-03-21 21:58:29 Notice: Notice (8): Undefined variable: filename_thumb in [/Library/WebServer/Documents/p10books_func/app/controllers/books_controller.php, line 56]
2011-03-21 21:58:49 Notice: Notice (8): Undefined variable: filename_thumb in [/Library/WebServer/Documents/p10books_func/app/controllers/books_controller.php, line 56]
2011-03-21 23:41:54 Notice: Notice (8): Use of undefined constant required - assumed 'required' in [/Library/WebServer/Documents/p10books_func/cake/libs/class_registry.php, line 141]
2011-03-22 00:01:16 Notice: Notice (8): Undefined index: password_unhashed in [/Library/WebServer/Documents/p10books_func/app/controllers/users_controller.php, line 26]
2011-03-22 00:04:21 Notice: Notice (8): Undefined index: password_unhashed in [/Library/WebServer/Documents/p10books_func/app/controllers/users_controller.php, line 26]
2011-03-22 00:05:25 Notice: Notice (8): Undefined index: password_unhashed in [/Library/WebServer/Documents/p10books_func/app/controllers/users_controller.php, line 26]
2011-03-22 00:05:33 Notice: Notice (8): Undefined index: password_unhashed in [/Library/WebServer/Documents/p10books_func/app/controllers/users_controller.php, line 26]
2011-03-22 00:05:49 Notice: Notice (8): Undefined index: password_unhashed in [/Library/WebServer/Documents/p10books_func/app/controllers/users_controller.php, line 31]
2011-03-22 12:32:11 Notice: Notice (8): Undefined variable: i in [/Library/WebServer/Documents/p10books_func/app/views/users/view.ctp, line 7]
2011-03-22 12:32:11 Notice: Notice (8): Undefined variable: class in [/Library/WebServer/Documents/p10books_func/app/views/users/view.ctp, line 7]
2011-03-22 12:32:11 Notice: Notice (8): Undefined variable: class in [/Library/WebServer/Documents/p10books_func/app/views/users/view.ctp, line 15]
2011-03-22 12:32:11 Notice: Notice (8): Undefined variable: class in [/Library/WebServer/Documents/p10books_func/app/views/users/view.ctp, line 23]
2011-03-22 12:32:11 Notice: Notice (8): Undefined variable: class in [/Library/WebServer/Documents/p10books_func/app/views/users/view.ctp, line 31]
2011-03-22 12:32:11 Notice: Notice (8): Undefined variable: class in [/Library/WebServer/Documents/p10books_func/app/views/users/view.ctp, line 39]
2011-03-22 12:32:24 Notice: Notice (8): Undefined variable: i in [/Library/WebServer/Documents/p10books_func/app/views/users/view.ctp, line 11]
2011-03-22 12:32:24 Notice: Notice (8): Undefined variable: class in [/Library/WebServer/Documents/p10books_func/app/views/users/view.ctp, line 11]
2011-03-22 12:32:24 Notice: Notice (8): Undefined variable: class in [/Library/WebServer/Documents/p10books_func/app/views/users/view.ctp, line 19]
2011-03-22 12:32:24 Notice: Notice (8): Undefined variable: class in [/Library/WebServer/Documents/p10books_func/app/views/users/view.ctp, line 27]
2011-03-22 12:32:24 Notice: Notice (8): Undefined variable: class in [/Library/WebServer/Documents/p10books_func/app/views/users/view.ctp, line 35]
2011-03-22 12:45:01 Notice: Notice (8): Undefined index: pincode in [/Library/WebServer/Documents/p10books_func/app/views/users/view.ctp, line 56]
2011-03-22 12:45:01 Notice: Notice (8): Undefined index: department in [/Library/WebServer/Documents/p10books_func/app/views/users/view.ctp, line 85]
2011-03-22 12:45:13 Notice: Notice (8): Undefined index: zipcode in [/Library/WebServer/Documents/p10books_func/app/views/users/view.ctp, line 56]
2011-03-22 12:45:13 Notice: Notice (8): Undefined index: department in [/Library/WebServer/Documents/p10books_func/app/views/users/view.ctp, line 85]
2011-03-22 12:45:18 Notice: Notice (8): Undefined index: zipcode in [/Library/WebServer/Documents/p10books_func/app/views/users/view.ctp, line 56]
2011-03-22 12:45:18 Notice: Notice (8): Undefined index: department in [/Library/WebServer/Documents/p10books_func/app/views/users/view.ctp, line 85]
2011-03-22 12:45:22 Notice: Notice (8): Undefined index: pincode in [/Library/WebServer/Documents/p10books_func/app/views/users/view.ctp, line 56]
2011-03-22 12:45:22 Notice: Notice (8): Undefined index: department in [/Library/WebServer/Documents/p10books_func/app/views/users/view.ctp, line 85]
2011-03-22 12:46:08 Notice: Notice (8): Undefined index: department in [/Library/WebServer/Documents/p10books_func/app/views/users/view.ctp, line 85]
2011-03-22 17:57:35 Notice: Notice (8): Undefined property: UsersController::$Cookie in [/Library/WebServer/Documents/p10books_func/app/controllers/users_controller.php, line 150]
2011-03-22 17:58:02 Notice: Notice (8): Undefined property: UsersController::$Cookie in [/Library/WebServer/Documents/p10books_func/app/controllers/users_controller.php, line 149]
2011-03-22 18:10:25 Notice: Notice (8): Undefined variable: smtp_errors in [/Library/WebServer/Documents/p10books_func/app/views/users/sendemail.ctp, line 1]
2011-03-22 18:27:18 Notice: Notice (8): Use of undefined constant APP_PATH1 - assumed 'APP_PATH1' in [/Library/WebServer/Documents/p10books_func/app/views/users/sendemail.ctp, line 1]
2011-03-22 18:27:36 Notice: Notice (8): Undefined variable: APP_PATH in [/Library/WebServer/Documents/p10books_func/app/views/users/sendemail.ctp, line 1]
2011-03-22 18:27:42 Notice: Notice (8): Undefined variable: APP_PATH in [/Library/WebServer/Documents/p10books_func/app/views/users/sendemail.ctp, line 1]
2011-03-22 18:27:54 Notice: Notice (8): Undefined property: UsersController::$APP_PATH in [/Library/WebServer/Documents/p10books_func/app/controllers/users_controller.php, line 52]
2011-03-22 18:28:07 Notice: Notice (8): Undefined property: UsersController::$ROOT in [/Library/WebServer/Documents/p10books_func/app/controllers/users_controller.php, line 52]
2011-03-22 18:29:52 Notice: Notice (8): Undefined property: UsersController::$Html in [/Library/WebServer/Documents/p10books_func/app/controllers/users_controller.php, line 52]
2011-03-23 13:36:36 Notice: Notice (8): Undefined variable: user in [/Library/WebServer/Documents/p10books_func/app/views/users/resetpassword.ctp, line 1]
2011-03-25 12:40:26 Notice: Notice (8): Undefined index: type in [/Library/WebServer/Documents/p10books_func/cake/libs/view/helpers/form.php, line 274]
2011-03-25 12:40:26 Notice: Notice (8): Undefined index: type in [/Library/WebServer/Documents/p10books_func/cake/libs/view/helpers/form.php, line 291]
2011-03-25 12:40:26 Notice: Notice (8): Undefined index: default in [/Library/WebServer/Documents/p10books_func/cake/libs/view/helpers/form.php, line 296]
2011-03-25 12:40:26 Notice: Notice (8): Undefined index: before in [/Library/WebServer/Documents/p10books_func/cake/libs/view/helpers/form.php, line 855]
2011-03-25 12:40:26 Notice: Notice (8): Undefined index: between in [/Library/WebServer/Documents/p10books_func/cake/libs/view/helpers/form.php, line 855]
2011-03-25 12:40:26 Notice: Notice (8): Undefined index: after in [/Library/WebServer/Documents/p10books_func/cake/libs/view/helpers/form.php, line 855]
2011-03-25 12:40:26 Notice: Notice (8): Undefined index: format in [/Library/WebServer/Documents/p10books_func/cake/libs/view/helpers/form.php, line 858]
2011-03-31 23:26:06 Notice: Notice (8): Array to string conversion in [/Library/WebServer/Documents/p10books_func/cake/libs/model/datasources/dbo_source.php, line 2204]
2011-03-31 23:29:17 Notice: Notice (8): Undefined index: q in [/Library/WebServer/Documents/p10books_func/app/controllers/books_controller.php, line 19]
2011-03-31 23:29:20 Notice: Notice (8): Undefined index: q in [/Library/WebServer/Documents/p10books_func/app/controllers/books_controller.php, line 19]
2011-03-31 23:34:49 Notice: Notice (8): Undefined index: q in [/Library/WebServer/Documents/p10books_func/app/controllers/books_controller.php, line 19]
2011-03-31 23:34:54 Notice: Notice (8): Undefined index: q in [/Library/WebServer/Documents/p10books_func/app/controllers/books_controller.php, line 19]
2011-03-31 23:34:59 Notice: Notice (8): Undefined index: q in [/Library/WebServer/Documents/p10books_func/app/controllers/books_controller.php, line 19]
2011-03-31 23:35:01 Notice: Notice (8): Undefined index: q in [/Library/WebServer/Documents/p10books_func/app/controllers/books_controller.php, line 19]
2011-03-31 23:35:04 Notice: Notice (8): Undefined index: q in [/Library/WebServer/Documents/p10books_func/app/controllers/books_controller.php, line 19]
2011-03-31 23:35:13 Notice: Notice (8): Undefined index: q in [/Library/WebServer/Documents/p10books_func/app/controllers/books_controller.php, line 19]
2011-03-31 23:39:08 Notice: Notice (8): Undefined index: q in [/Library/WebServer/Documents/p10books_func/app/controllers/books_controller.php, line 19]
2011-03-31 23:39:22 Notice: Notice (8): Undefined index: q in [/Library/WebServer/Documents/p10books_func/app/controllers/books_controller.php, line 19]
2011-03-31 23:39:22 Notice: Notice (8): Object of class PaginatorHelper to string conversion in [/Library/WebServer/Documents/p10books_func/app/views/books/search.ctp, line 1]
2011-03-31 23:39:22 Notice: Notice (8): Undefined variable: Object in [/Library/WebServer/Documents/p10books_func/app/views/books/search.ctp, line 1]
2011-03-31 23:39:26 Notice: Notice (8): Object of class PaginatorHelper to string conversion in [/Library/WebServer/Documents/p10books_func/app/views/books/search.ctp, line 1]
2011-03-31 23:39:26 Notice: Notice (8): Undefined variable: Object in [/Library/WebServer/Documents/p10books_func/app/views/books/search.ctp, line 1]
2011-03-31 23:39:52 Notice: Notice (8): Undefined index: q in [/Library/WebServer/Documents/p10books_func/app/controllers/books_controller.php, line 19]
2011-03-31 23:39:54 Notice: Notice (8): Undefined index: q in [/Library/WebServer/Documents/p10books_func/app/controllers/books_controller.php, line 19]
2011-03-31 23:44:14 Notice: Notice (8): Undefined index: q in [/Library/WebServer/Documents/p10books_func/app/controllers/books_controller.php, line 19]
2011-03-31 23:44:16 Notice: Notice (8): Undefined index: q in [/Library/WebServer/Documents/p10books_func/app/controllers/books_controller.php, line 19]
2011-03-31 23:44:47 Notice: Notice (8): Undefined index: q in [/Library/WebServer/Documents/p10books_func/app/views/books/search.ctp, line 29]
2011-03-31 23:46:56 Notice: Notice (8): Undefined variable: paginator in [/Library/WebServer/Documents/p10books_func/app/controllers/books_controller.php, line 22]
2011-03-31 23:47:09 Notice: Notice (8): Undefined property: BooksController::$Paginator in [/Library/WebServer/Documents/p10books_func/app/controllers/books_controller.php, line 22]
2011-03-31 23:47:12 Notice: Notice (8): Undefined property: BooksController::$paginator in [/Library/WebServer/Documents/p10books_func/app/controllers/books_controller.php, line 22]
2011-03-31 23:47:28 Notice: Notice (8): Undefined property: View::$paginator in [/Library/WebServer/Documents/p10books_func/app/views/books/search.ctp, line 1]
2011-03-31 23:47:38 Notice: Notice (8): Undefined index: q in [/Library/WebServer/Documents/p10books_func/app/controllers/books_controller.php, line 19]
2011-03-31 23:47:46 Notice: Notice (8): Undefined index: q in [/Library/WebServer/Documents/p10books_func/app/controllers/books_controller.php, line 19]
2011-03-31 23:47:52 Notice: Notice (8): Undefined index: q in [/Library/WebServer/Documents/p10books_func/app/controllers/books_controller.php, line 19]
2011-03-31 23:48:25 Notice: Notice (8): Undefined index: q in [/Library/WebServer/Documents/p10books_func/app/controllers/books_controller.php, line 19]
2011-04-01 11:29:20 Notice: Notice (8): Undefined index: before in [/Library/WebServer/Documents/p10books_func/cake/libs/view/helpers/form.php, line 855]
2011-04-01 11:29:20 Notice: Notice (8): Undefined index: between in [/Library/WebServer/Documents/p10books_func/cake/libs/view/helpers/form.php, line 855]
2011-04-01 11:29:20 Notice: Notice (8): Undefined index: after in [/Library/WebServer/Documents/p10books_func/cake/libs/view/helpers/form.php, line 855]
2011-04-01 11:29:20 Notice: Notice (8): Undefined index: format in [/Library/WebServer/Documents/p10books_func/cake/libs/view/helpers/form.php, line 858]
2011-04-01 11:29:55 Notice: Notice (8): Undefined index: before in [/Library/WebServer/Documents/p10books_func/cake/libs/view/helpers/form.php, line 855]
2011-04-01 11:29:55 Notice: Notice (8): Undefined index: between in [/Library/WebServer/Documents/p10books_func/cake/libs/view/helpers/form.php, line 855]
2011-04-01 11:29:55 Notice: Notice (8): Undefined index: after in [/Library/WebServer/Documents/p10books_func/cake/libs/view/helpers/form.php, line 855]
2011-04-01 11:29:55 Notice: Notice (8): Undefined index: format in [/Library/WebServer/Documents/p10books_func/cake/libs/view/helpers/form.php, line 858]
2011-04-01 11:30:39 Notice: Notice (8): Undefined index: before in [/Library/WebServer/Documents/p10books_func/cake/libs/view/helpers/form.php, line 855]
2011-04-01 11:30:39 Notice: Notice (8): Undefined index: between in [/Library/WebServer/Documents/p10books_func/cake/libs/view/helpers/form.php, line 855]
2011-04-01 11:30:39 Notice: Notice (8): Undefined index: after in [/Library/WebServer/Documents/p10books_func/cake/libs/view/helpers/form.php, line 855]
2011-04-01 11:30:39 Notice: Notice (8): Undefined index: format in [/Library/WebServer/Documents/p10books_func/cake/libs/view/helpers/form.php, line 858]
2011-04-01 18:20:42 Notice: Notice (8): Undefined property: User::$Order in [/Library/WebServer/Documents/p10books_func/app/controllers/users_controller.php, line 52]
2011-04-01 18:25:07 Notice: Notice (8): Trying to get property of non-object in [/Library/WebServer/Documents/p10books_func/app/views/users/orderhistory.ctp, line 1]
2011-04-01 18:25:22 Notice: Notice (8): Trying to get property of non-object in [/Library/WebServer/Documents/p10books_func/app/views/users/orderhistory.ctp, line 1]
2011-04-01 18:25:44 Notice: Notice (8): Use of undefined constant length - assumed 'length' in [/Library/WebServer/Documents/p10books_func/app/views/users/orderhistory.ctp, line 1]
2011-04-01 18:25:52 Notice: Notice (8): Use of undefined constant length - assumed 'length' in [/Library/WebServer/Documents/p10books_func/app/views/users/orderhistory.ctp, line 1]
2011-04-01 18:26:15 Notice: Notice (8): Undefined offset: 0 in [/Library/WebServer/Documents/p10books_func/app/views/users/orderhistory.ctp, line 1]
2011-04-01 18:29:25 Notice: Notice (8): Undefined index: Order in [/Library/WebServer/Documents/p10books_func/app/views/users/orderhistory.ctp, line 1]
2011-04-01 18:29:50 Notice: Notice (8): Undefined index: Orders in [/Library/WebServer/Documents/p10books_func/app/views/users/orderhistory.ctp, line 1]
2011-04-01 18:30:10 Notice: Notice (8): Undefined index: id in [/Library/WebServer/Documents/p10books_func/app/views/users/orderhistory.ctp, line 1]
2011-04-01 18:30:24 Notice: Notice (8): Undefined index: id in [/Library/WebServer/Documents/p10books_func/app/views/users/orderhistory.ctp, line 1]
2011-04-01 18:30:41 Notice: Notice (8): Undefined index: Orders in [/Library/WebServer/Documents/p10books_func/app/views/users/orderhistory.ctp, line 1]
2011-04-01 18:30:43 Notice: Notice (8): Undefined index: Order in [/Library/WebServer/Documents/p10books_func/app/views/users/orderhistory.ctp, line 1]
2011-04-01 18:32:33 Notice: Notice (8): Undefined index: Orders in [/Library/WebServer/Documents/p10books_func/app/views/users/orderhistory.ctp, line 1]
2011-04-01 18:32:50 Notice: Notice (8): Undefined index: Orders in [/Library/WebServer/Documents/p10books_func/app/views/users/orderhistory.ctp, line 1]
2011-04-01 18:32:50 Notice: Notice (8): Undefined index: Orders in [/Library/WebServer/Documents/p10books_func/app/views/users/orderhistory.ctp, line 1]
2011-04-01 18:32:51 Notice: Notice (8): Undefined index: Orders in [/Library/WebServer/Documents/p10books_func/app/views/users/orderhistory.ctp, line 1]
2011-04-01 18:33:59 Notice: Notice (8): Undefined index: Orders in [/Library/WebServer/Documents/p10books_func/app/views/users/orderhistory.ctp, line 1]
2011-04-01 18:34:00 Notice: Notice (8): Undefined index: Orders in [/Library/WebServer/Documents/p10books_func/app/views/users/orderhistory.ctp, line 1]
2011-04-01 18:34:00 Notice: Notice (8): Undefined index: Orders in [/Library/WebServer/Documents/p10books_func/app/views/users/orderhistory.ctp, line 1]
2011-04-01 18:34:00 Notice: Notice (8): Undefined index: Orders in [/Library/WebServer/Documents/p10books_func/app/views/users/orderhistory.ctp, line 1]
2011-04-01 18:34:16 Notice: Notice (8): Undefined index: Orders in [/Library/WebServer/Documents/p10books_func/app/views/users/orderhistory.ctp, line 1]
2011-04-01 18:34:30 Notice: Notice (8): Undefined index: orders in [/Library/WebServer/Documents/p10books_func/app/views/users/orderhistory.ctp, line 1]
2011-04-01 18:34:37 Notice: Notice (8): Undefined offset: 0 in [/Library/WebServer/Documents/p10books_func/app/views/users/orderhistory.ctp, line 1]
2011-04-01 18:34:38 Notice: Notice (8): Undefined offset: 0 in [/Library/WebServer/Documents/p10books_func/app/views/users/orderhistory.ctp, line 1]
2011-04-01 18:35:49 Notice: Notice (8): Undefined index:  in [/Library/WebServer/Documents/p10books_func/app/views/users/orderhistory.ctp, line 1]
2011-04-01 18:35:53 Notice: Notice (8): Undefined index:  in [/Library/WebServer/Documents/p10books_func/app/views/users/orderhistory.ctp, line 1]
2011-04-01 18:36:05 Notice: Notice (8): Undefined index: Order in [/Library/WebServer/Documents/p10books_func/app/views/users/orderhistory.ctp, line 1]
2011-04-01 18:36:06 Notice: Notice (8): Undefined index: Order in [/Library/WebServer/Documents/p10books_func/app/views/users/orderhistory.ctp, line 1]
2011-04-01 18:38:26 Notice: Notice (8): Undefined property: User::$Order in [/Library/WebServer/Documents/p10books_func/app/controllers/users_controller.php, line 57]
2011-04-01 18:38:38 Notice: Notice (8): Undefined property: User::$Orders in [/Library/WebServer/Documents/p10books_func/app/controllers/users_controller.php, line 57]
2011-04-01 18:48:04 Notice: Notice (8): Undefined index: Order in [/Library/WebServer/Documents/p10books_func/app/views/users/orderhistory.ctp, line 1]
2011-04-01 18:48:09 Notice: Notice (8): Undefined index: Orders in [/Library/WebServer/Documents/p10books_func/app/views/users/orderhistory.ctp, line 1]
2011-04-01 18:48:12 Notice: Notice (8): Undefined index: Orders in [/Library/WebServer/Documents/p10books_func/app/views/users/orderhistory.ctp, line 1]
2011-04-01 19:19:34 Notice: Notice (8): Undefined index: Book in [/Library/WebServer/Documents/p10books_func/app/views/orders/history.ctp, line 14]
2011-04-01 19:20:05 Notice: Notice (8): Undefined index: Order in [/Library/WebServer/Documents/p10books_func/app/views/orders/history.ctp, line 15]
2011-04-01 19:20:31 Notice: Notice (8): Undefined index: Book in [/Library/WebServer/Documents/p10books_func/app/views/orders/history.ctp, line 15]
2011-04-01 19:25:25 Notice: Notice (8): Undefined property: SellordersController::$Order in [/Library/WebServer/Documents/p10books_func/app/controllers/sellorders_controller.php, line 20]
2011-04-01 17:06:32 Debug: Notice (8): Undefined variable: book in [C:\wamp\www\p10books\app\views\books\sell.ctp, line 28]
2011-04-01 17:09:23 Debug: Notice (8): Undefined variable: books in [C:\wamp\www\p10books\app\views\books\sell.ctp, line 8]
2011-04-01 17:09:23 Debug: Notice (8): Undefined index:  Book in [C:\wamp\www\p10books\app\views\books\sell.ctp, line 28]
2011-04-01 17:09:31 Debug: Notice (8): Undefined variable: books in [C:\wamp\www\p10books\app\views\books\sell.ctp, line 8]
2011-04-01 17:09:31 Debug: Notice (8): Undefined index:  Book in [C:\wamp\www\p10books\app\views\books\sell.ctp, line 28]
2011-04-01 17:10:29 Debug: Notice (8): Undefined variable: book in [C:\wamp\www\p10books\app\views\books\sell.ctp, line 28]
2011-04-04 08:40:03 Debug: Notice (8): Undefined property:  UsersController::$Image in [C:\wamp\www\p10books\app\controllers\users_controller.php, line 167]
2011-04-04 09:14:53 Debug: Notice (8): Undefined variable: userpic in [C:\wamp\www\p10books\app\views\users\uploadpic.ctp, line 1]
2011-04-04 10:00:31 Debug: Notice (8): Undefined variable: userpic in [C:\wamp\www\p10books\app\views\users\uploadpic.ctp, line 1]
2011-04-06 06:44:03 Debug: Notice (8): Undefined index:  User in [C:\wamp\www\p10books\app\views\sellorders\add.ctp, line 11]
2011-04-06 06:49:39 Debug: Notice (8): Undefined index:  User in [C:\wamp\www\p10books\app\views\sellorders\add.ctp, line 11]
2011-04-06 16:47:58 Debug: Notice (8): Undefined index:  id in [C:\wamp\www\p10books\app\controllers\users_controller.php, line 98]
2011-04-06 16:57:07 Debug: Notice (8): Undefined index:  id in [C:\wamp\www\p10books\app\controllers\users_controller.php, line 94]
2011-04-06 17:12:48 Debug: Notice (8): Undefined property:  User::$Book in [C:\wamp\www\p10books\app\controllers\users_controller.php, line 233]
2011-04-06 17:28:16 Debug: Notice (8): Undefined property:  User::$Book in [C:\wamp\www\p10books\app\controllers\users_controller.php, line 233]
2011-04-06 17:28:56 Debug: Notice (8): Undefined variable: books in [C:\wamp\www\p10books\app\views\users\ahome.ctp, line 4]
2011-04-06 17:40:29 Debug: Notice (8): Undefined property:  User::$Book in [C:\wamp\www\p10books\app\controllers\users_controller.php, line 233]
2011-04-06 17:51:59 Debug: Notice (8): Undefined property:  User::$Book in [C:\wamp\www\p10books\app\controllers\users_controller.php, line 234]
2011-04-06 17:53:24 Debug: Notice (8): Undefined property:  User::$Book in [C:\wamp\www\p10books\app\controllers\users_controller.php, line 234]
2011-04-06 17:55:57 Debug: Notice (8): Undefined property:  User::$Book in [C:\wamp\www\p10books\app\controllers\users_controller.php, line 234]
2011-04-06 17:57:47 Debug: Notice (8): Undefined property:  User::$Book in [C:\wamp\www\p10books\app\controllers\users_controller.php, line 234]
2011-04-06 18:03:36 Debug: Notice (8): Undefined property:  User::$Order in [C:\wamp\www\p10books\app\controllers\users_controller.php, line 234]
2011-04-06 18:20:27 Debug: Notice (8): Undefined variable: sos in [C:\wamp\www\p10books\app\views\users\ahome.ctp, line 44]
2011-04-12 17:44:33 Debug: Notice (8): Undefined property:  View::$Auth in [C:\wamp\www\p10books\app\views\users\edit.ctp, line 10]
2011-04-12 17:46:38 Debug: Notice (8): Undefined property:  View::$Auth in [C:\wamp\www\p10books\app\views\users\edit.ctp, line 10]
2011-04-12 17:48:06 Debug: Notice (8): Undefined property:  View::$Auth in [C:\wamp\www\p10books\app\views\users\edit.ctp, line 10]
2011-04-14 07:55:25 Debug: Notice (8): Undefined property:  OrdersController::$Article in [C:\wamp\www\p10books\app\controllers\orders_controller.php, line 101]
2011-04-14 07:55:25 Debug: Notice (8): Trying to get property of non-object in [C:\wamp\www\p10books\app\controllers\orders_controller.php, line 101]
2011-04-14 07:56:27 Debug: Notice (8): Undefined index:  emailid in [C:\wamp\www\p10books\app\controllers\orders_controller.php, line 105]
2011-04-14 08:26:30 Debug: Notice (8): Undefined variable: smpt_errors in [C:\wamp\www\p10books\app\views\orders\add.ctp, line 6]
2011-04-14 08:27:14 Debug: Notice (8): Undefined variable: smpt_errors in [C:\wamp\www\p10books\app\views\orders\add.ctp, line 6]
2011-04-14 08:27:35 Debug: Notice (8): Undefined variable: smpt_errors in [C:\wamp\www\p10books\app\views\orders\add.ctp, line 6]
2011-04-14 08:41:21 Debug: Notice (8): Undefined index:  emailid in [C:\wamp\www\p10books\app\controllers\orders_controller.php, line 81]
2011-04-14 17:46:35 Debug: Notice (8): Undefined variable: session in [C:\wamp\www\p10books\app\controllers\orders_controller.php, line 83]
2011-04-14 17:46:35 Debug: Notice (8): Trying to get property of non-object in [C:\wamp\www\p10books\app\controllers\orders_controller.php, line 83]
2011-04-14 17:58:41 Debug: Notice (8): Undefined variable: session in [C:\wamp\www\p10books\app\controllers\orders_controller.php, line 83]
2011-04-14 17:58:41 Debug: Notice (8): Trying to get property of non-object in [C:\wamp\www\p10books\app\controllers\orders_controller.php, line 83]
2011-04-14 18:12:10 Debug: Notice (8): Undefined index:  name in [C:\wamp\www\p10books\app\views\elements\email\text\omail.ctp, line 1]
2011-04-14 18:22:10 Debug: Notice (8): Undefined property:  View::$Auth in [C:\wamp\www\p10books\app\views\elements\email\text\omail.ctp, line 1]
2011-04-14 18:28:13 Debug: Notice (8): Undefined variable: books in [C:\wamp\www\p10books\app\views\elements\email\text\omail.ctp, line 5]
2011-04-14 18:34:19 Debug: Notice (8): Undefined variable: books in [C:\wamp\www\p10books\app\controllers\orders_controller.php, line 83]
2011-04-14 18:34:19 Debug: Notice (8): Undefined variable: books in [C:\wamp\www\p10books\app\views\elements\email\text\omail.ctp, line 5]
2011-04-14 18:34:58 Debug: Notice (8): Undefined variable: books in [C:\wamp\www\p10books\app\controllers\orders_controller.php, line 83]
2011-04-14 18:34:58 Debug: Notice (8): Undefined variable: books in [C:\wamp\www\p10books\app\views\elements\email\text\omail.ctp, line 5]
2011-04-14 18:37:30 Debug: Notice (8): Undefined index:  book_id in [C:\wamp\www\p10books\app\controllers\orders_controller.php, line 83]
2011-04-14 18:38:31 Debug: Notice (8): Undefined variable: query in [C:\wamp\www\p10books\app\views\elements\email\text\omail.ctp, line 5]
2011-04-14 18:43:06 Debug: Notice (8): Undefined variable: query in [C:\wamp\www\p10books\app\views\elements\email\text\omail.ctp, line 6]
2011-04-17 13:13:53 Debug: Notice (8): Undefined index:  User in [C:\wamp\www\p10books\app\controllers\users_controller.php, line 250]
2011-04-17 13:13:53 Debug: Notice (8): Undefined variable: u in [C:\wamp\www\p10books\app\controllers\users_controller.php, line 251]
2011-04-17 13:13:54 Debug: Notice (8): Undefined variable: ou in [C:\wamp\www\p10books\app\controllers\users_controller.php, line 252]
2011-04-17 13:13:54 Debug: Notice (8): Undefined variable: u in [C:\wamp\www\p10books\app\views\users\chome.ctp, line 3]
2011-04-17 13:13:54 Debug: Notice (8): Undefined variable: ou in [C:\wamp\www\p10books\app\views\users\chome.ctp, line 9]
2011-04-17 13:17:54 Debug: Notice (8): Undefined index:  User in [C:\wamp\www\p10books\app\controllers\users_controller.php, line 250]
2011-04-17 13:19:15 Debug: Notice (8): Undefined index:  User in [C:\wamp\www\p10books\app\controllers\users_controller.php, line 250]
2011-04-17 13:19:53 Debug: Notice (8): Undefined index:  User in [C:\wamp\www\p10books\app\controllers\users_controller.php, line 250]
2011-04-17 13:22:19 Debug: Notice (8): Undefined index:  User in [C:\wamp\www\p10books\app\controllers\users_controller.php, line 250]
2011-04-17 13:43:53 Debug: Notice (8): Undefined index:  User in [C:\wamp\www\p10books\app\controllers\users_controller.php, line 250]
2011-04-17 14:25:10 Debug: Notice (8): Undefined index:  User in [C:\wamp\www\p10books\app\controllers\users_controller.php, line 250]
2011-04-17 14:26:42 Debug: Notice (8): Undefined index:  User in [C:\wamp\www\p10books\app\controllers\users_controller.php, line 250]
2011-04-17 15:06:01 Debug: Notice (8): Undefined index:  User in [C:\wamp\www\p10books\app\controllers\users_controller.php, line 250]
2011-04-17 15:25:54 Debug: Notice (8): Undefined variable: orders in [C:\wamp\www\p10books\app\views\users\chome.ctp, line 23]
2011-04-17 15:50:56 Debug: Notice (8): Undefined variable: b in [C:\wamp\www\p10books\app\controllers\users_controller.php, line 251]
2011-04-17 15:51:11 Debug: Notice (8): Undefined index:  User in [C:\wamp\www\p10books\app\controllers\users_controller.php, line 251]
2011-04-17 17:05:12 Debug: Notice (8): Undefined variable: User in [C:\wamp\www\p10books\app\controllers\users_controller.php, line 259]
2011-04-17 17:05:12 Debug: Notice (8): Trying to get property of non-object in [C:\wamp\www\p10books\app\controllers\users_controller.php, line 259]
2011-04-17 17:05:27 Debug: Notice (8): Undefined variable: User in [C:\wamp\www\p10books\app\controllers\users_controller.php, line 259]
2011-04-17 17:05:44 Debug: Notice (8): Undefined variable: ou in [C:\wamp\www\p10books\app\views\users\chome.ctp, line 1]
2011-04-17 17:05:44 Debug: Notice (8): Undefined variable: u in [C:\wamp\www\p10books\app\views\users\chome.ctp, line 9]
2011-04-17 17:05:44 Debug: Notice (8): Undefined variable: ab in [C:\wamp\www\p10books\app\views\users\chome.ctp, line 13]
2011-04-17 17:31:27 Debug: Notice (8): Undefined index:  book_id in [C:\wamp\www\p10books\app\controllers\orders_controller.php, line 25]
2011-04-18 07:56:25 Debug: Notice (8): Undefined variable: sql_dump in [C:\wamp\www\p10books\app\views\users\chome.ctp, line 14]
2011-04-18 08:06:04 Debug: Notice (8): Undefined variable: sql_dump in [C:\wamp\www\p10books\app\views\users\chome.ctp, line 14]
