2011-03-08 18:53:02 Warning: Warning (2): mysql_connect() [http://php.net/function.mysql-connect]: [2002] No such file or directory (trying to connect via unix:///tmp/mysql.sock) in [/Library/WebServer/Documents/p10books_func/cake/libs/model/datasources/dbo/dbo_mysql.php, line 552]
2011-03-08 18:53:02 Warning: Warning (2): mysql_connect() [http://php.net/function.mysql-connect]: No such file or directory in [/Library/WebServer/Documents/p10books_func/cake/libs/model/datasources/dbo/dbo_mysql.php, line 552]
2011-03-08 18:53:02 Warning: Warning (2): mysql_select_db() expects parameter 2 to be resource, boolean given in [/Library/WebServer/Documents/p10books_func/cake/libs/model/datasources/dbo/dbo_mysql.php, line 558]
2011-03-08 18:53:02 Warning: Warning (2): mysql_get_server_info() expects parameter 1 to be resource, boolean given in [/Library/WebServer/Documents/p10books_func/cake/libs/model/datasources/dbo/dbo_mysql.php, line 566]
2011-03-08 18:53:02 Warning: Warning (2): mysql_query() expects parameter 2 to be resource, boolean given in [/Library/WebServer/Documents/p10books_func/cake/libs/model/datasources/dbo/dbo_mysql.php, line 600]
2011-03-08 18:53:02 Warning: Warning (2): Cannot modify header information - headers already sent by (output started at /Library/WebServer/Documents/p10books_func/cake/libs/debugger.php:673) in [/Library/WebServer/Documents/p10books_func/cake/libs/controller/controller.php, line 742]
2011-03-14 18:03:41 Warning: Warning (2): mysql_connect() [http://php.net/function.mysql-connect]: [2002] No such file or directory (trying to connect via unix:///tmp/mysql.sock) in [/Library/WebServer/Documents/p10books_func/cake/libs/model/datasources/dbo/dbo_mysql.php, line 552]
2011-03-14 18:03:41 Warning: Warning (2): mysql_connect() [http://php.net/function.mysql-connect]: No such file or directory in [/Library/WebServer/Documents/p10books_func/cake/libs/model/datasources/dbo/dbo_mysql.php, line 552]
2011-03-14 18:03:41 Warning: Warning (2): mysql_select_db() expects parameter 2 to be resource, boolean given in [/Library/WebServer/Documents/p10books_func/cake/libs/model/datasources/dbo/dbo_mysql.php, line 558]
2011-03-14 18:03:41 Warning: Warning (2): mysql_get_server_info() expects parameter 1 to be resource, boolean given in [/Library/WebServer/Documents/p10books_func/cake/libs/model/datasources/dbo/dbo_mysql.php, line 566]
2011-03-14 18:03:41 Warning: Warning (2): mysql_query() expects parameter 2 to be resource, boolean given in [/Library/WebServer/Documents/p10books_func/cake/libs/model/datasources/dbo/dbo_mysql.php, line 600]
2011-03-14 18:03:41 Warning: Warning (2): Cannot modify header information - headers already sent by (output started at /Library/WebServer/Documents/p10books_func/cake/libs/debugger.php:673) in [/Library/WebServer/Documents/p10books_func/cake/libs/controller/controller.php, line 742]
2011-03-15 18:33:17 Warning: Warning (2): Missing argument 1 for __(), called in /Library/WebServer/Documents/p10books_func/app/views/users/login.ctp on line 4 and defined in [/Library/WebServer/Documents/p10books_func/cake/basics.php, line 657]
2011-03-15 20:00:59 Warning: Warning (512): Could not find AclComponent. Please include Acl in Controller::$components. in [/Library/WebServer/Documents/p10books_func/cake/libs/controller/components/auth.php, line 421]
2011-03-15 20:01:41 Warning: Warning (512): Could not find AclComponent. Please include Acl in Controller::$components. in [/Library/WebServer/Documents/p10books_func/cake/libs/controller/components/auth.php, line 421]
2011-03-21 21:07:25 Warning: Warning (512): <span style="color:Red;text-align:left"><b>SQL Error:</b> 1054: Unknown column 'Array' in 'field list'</span> in [/Library/WebServer/Documents/p10books_func/cake/libs/model/datasources/dbo_source.php, line 684]
2011-03-21 21:32:57 Warning: Warning (512): <span style="color:Red;text-align:left"><b>SQL Error:</b> 1054: Unknown column 'Array' in 'field list'</span> in [/Library/WebServer/Documents/p10books_func/cake/libs/model/datasources/dbo_source.php, line 684]
2011-03-21 21:37:55 Warning: Warning (2): file_exists() expects parameter 1 to be string, array given in [/Library/WebServer/Documents/p10books_func/app/controllers/components/image.php, line 241]
2011-03-21 23:25:14 Warning: Warning (2): preg_match() [http://php.net/function.preg-match]: Empty regular expression in [/Library/WebServer/Documents/p10books_func/cake/libs/model/model.php, line 2611]
2011-03-21 23:32:18 Warning: Warning (2): preg_match() [http://php.net/function.preg-match]: Delimiter must not be alphanumeric or backslash in [/Library/WebServer/Documents/p10books_func/cake/libs/model/model.php, line 2611]
2011-03-21 23:34:37 Warning: Warning (2): preg_match() [http://php.net/function.preg-match]: Empty regular expression in [/Library/WebServer/Documents/p10books_func/cake/libs/model/model.php, line 2611]
2011-03-22 00:23:08 Warning: Warning (2): preg_match() [http://php.net/function.preg-match]: Delimiter must not be alphanumeric or backslash in [/Library/WebServer/Documents/p10books_func/cake/libs/model/model.php, line 2611]
2011-03-22 00:23:42 Warning: Warning (2): preg_match() [http://php.net/function.preg-match]: Delimiter must not be alphanumeric or backslash in [/Library/WebServer/Documents/p10books_func/cake/libs/model/model.php, line 2611]
2011-03-22 00:24:25 Warning: Warning (2): preg_match() [http://php.net/function.preg-match]: Delimiter must not be alphanumeric or backslash in [/Library/WebServer/Documents/p10books_func/cake/libs/model/model.php, line 2611]
2011-03-22 00:24:36 Warning: Warning (2): preg_match() [http://php.net/function.preg-match]: Delimiter must not be alphanumeric or backslash in [/Library/WebServer/Documents/p10books_func/cake/libs/model/model.php, line 2611]
2011-03-22 00:25:34 Warning: Warning (2): preg_match() [http://php.net/function.preg-match]: Delimiter must not be alphanumeric or backslash in [/Library/WebServer/Documents/p10books_func/cake/libs/model/model.php, line 2611]
2011-03-22 00:25:51 Warning: Warning (2): preg_match() [http://php.net/function.preg-match]: Delimiter must not be alphanumeric or backslash in [/Library/WebServer/Documents/p10books_func/cake/libs/model/model.php, line 2611]
2011-03-22 00:26:52 Warning: Warning (2): preg_match() [http://php.net/function.preg-match]: Delimiter must not be alphanumeric or backslash in [/Library/WebServer/Documents/p10books_func/cake/libs/model/model.php, line 2611]
2011-03-22 00:27:00 Warning: Warning (2): preg_match() [http://php.net/function.preg-match]: Delimiter must not be alphanumeric or backslash in [/Library/WebServer/Documents/p10books_func/cake/libs/model/model.php, line 2611]
2011-03-22 00:27:18 Warning: Warning (2): preg_match() [http://php.net/function.preg-match]: Delimiter must not be alphanumeric or backslash in [/Library/WebServer/Documents/p10books_func/cake/libs/model/model.php, line 2611]
2011-03-22 00:27:34 Warning: Warning (2): preg_match() [http://php.net/function.preg-match]: Delimiter must not be alphanumeric or backslash in [/Library/WebServer/Documents/p10books_func/cake/libs/model/model.php, line 2611]
2011-03-22 00:27:40 Warning: Warning (2): preg_match() [http://php.net/function.preg-match]: Delimiter must not be alphanumeric or backslash in [/Library/WebServer/Documents/p10books_func/cake/libs/model/model.php, line 2611]
2011-03-22 00:28:21 Warning: Warning (2): preg_match() [http://php.net/function.preg-match]: Delimiter must not be alphanumeric or backslash in [/Library/WebServer/Documents/p10books_func/cake/libs/model/model.php, line 2611]
2011-03-22 00:32:56 Warning: Warning (2): preg_match() [http://php.net/function.preg-match]: Delimiter must not be alphanumeric or backslash in [/Library/WebServer/Documents/p10books_func/cake/libs/model/model.php, line 2611]
2011-03-22 00:33:39 Warning: Warning (2): preg_match() [http://php.net/function.preg-match]: Unknown modifier '[' in [/Library/WebServer/Documents/p10books_func/cake/libs/model/model.php, line 2611]
2011-03-22 11:20:00 Warning: Warning (512): <span style="color:Red;text-align:left"><b>SQL Error:</b> 1054: Unknown column 'limit' in 'where clause'</span> in [/Library/WebServer/Documents/p10books_func/cake/libs/model/datasources/dbo_source.php, line 684]
2011-03-22 11:20:00 Warning: Warning (2): Invalid argument supplied for foreach() in [/Library/WebServer/Documents/p10books_func/app/views/books/index.ctp, line 17]
2011-03-22 11:21:07 Warning: Warning (512): <span style="color:Red;text-align:left"><b>SQL Error:</b> 1054: Unknown column 'Book' in 'where clause'</span> in [/Library/WebServer/Documents/p10books_func/cake/libs/model/datasources/dbo_source.php, line 684]
2011-03-22 11:21:07 Warning: Warning (2): Invalid argument supplied for foreach() in [/Library/WebServer/Documents/p10books_func/app/views/books/index.ctp, line 17]
2011-03-22 17:57:35 Warning: Warning (512): <span style="color:Red;text-align:left"><b>SQL Error:</b> 1064: You have an error in your SQL syntax; check the manual that corresponds to your MySQL server version for the right syntax to use near 'contain' at line 1</span> in [/Library/WebServer/Documents/p10books_func/cake/libs/model/datasources/dbo_source.php, line 684]
2011-03-25 12:40:26 Warning: Warning (2): array_merge() [http://php.net/function.array-merge]: Argument #2 is not an array in [/Library/WebServer/Documents/p10books_func/cake/libs/view/helpers/form.php, line 241]
2011-03-25 12:40:26 Warning: Warning (2): array_merge() [http://php.net/function.array-merge]: Argument #2 is not an array in [/Library/WebServer/Documents/p10books_func/cake/libs/view/helpers/form.php, line 716]
2011-03-31 23:22:53 Warning: Warning (512): <span style="color:Red;text-align:left"><b>SQL Error:</b> 1064: You have an error in your SQL syntax; check the manual that corresponds to your MySQL server version for the right syntax to use near 'paginate' at line 1</span> in [/Library/WebServer/Documents/p10books_func/cake/libs/model/datasources/dbo_source.php, line 684]
2011-03-31 23:22:53 Warning: Warning (2): Invalid argument supplied for foreach() in [/Library/WebServer/Documents/p10books_func/app/views/books/search.ctp, line 16]
2011-03-31 23:25:41 Warning: Warning (512): <span style="color:Red;text-align:left"><b>SQL Error:</b> 1064: You have an error in your SQL syntax; check the manual that corresponds to your MySQL server version for the right syntax to use near 'paginate' at line 1</span> in [/Library/WebServer/Documents/p10books_func/cake/libs/model/datasources/dbo_source.php, line 684]
2011-03-31 23:25:41 Warning: Warning (2): Invalid argument supplied for foreach() in [/Library/WebServer/Documents/p10books_func/app/views/books/search.ctp, line 16]
2011-03-31 23:26:06 Warning: Warning (512): <span style="color:Red;text-align:left"><b>SQL Error:</b> 1054: Unknown column 'conditions' in 'where clause'</span> in [/Library/WebServer/Documents/p10books_func/cake/libs/model/datasources/dbo_source.php, line 684]
2011-03-31 23:26:06 Warning: Warning (2): Invalid argument supplied for foreach() in [/Library/WebServer/Documents/p10books_func/app/views/books/search.ctp, line 16]
2011-03-31 23:39:22 Warning: Warning (4096): Object of class PaginatorHelper could not be converted to string in [/Library/WebServer/Documents/p10books_func/app/views/books/search.ctp, line 1]
2011-03-31 23:39:26 Warning: Warning (4096): Object of class PaginatorHelper could not be converted to string in [/Library/WebServer/Documents/p10books_func/app/views/books/search.ctp, line 1]
2011-03-31 23:44:47 Warning: Warning (2): array_merge() [http://php.net/function.array-merge]: Argument #2 is not an array in [/Library/WebServer/Documents/p10books_func/cake/libs/view/helpers/paginator.php, line 426]
2011-04-01 09:55:56 Warning: Warning (2): mysql_connect() [http://php.net/function.mysql-connect]: [2002] No such file or directory (trying to connect via unix:///tmp/mysql.sock) in [/Library/WebServer/Documents/p10books_func/cake/libs/model/datasources/dbo/dbo_mysql.php, line 552]
2011-04-01 09:55:56 Warning: Warning (2): mysql_connect() [http://php.net/function.mysql-connect]: No such file or directory in [/Library/WebServer/Documents/p10books_func/cake/libs/model/datasources/dbo/dbo_mysql.php, line 552]
2011-04-01 09:55:56 Warning: Warning (2): mysql_select_db() expects parameter 2 to be resource, boolean given in [/Library/WebServer/Documents/p10books_func/cake/libs/model/datasources/dbo/dbo_mysql.php, line 558]
2011-04-01 09:55:56 Warning: Warning (2): mysql_get_server_info() expects parameter 1 to be resource, boolean given in [/Library/WebServer/Documents/p10books_func/cake/libs/model/datasources/dbo/dbo_mysql.php, line 566]
2011-04-01 09:55:56 Warning: Warning (2): mysql_query() expects parameter 2 to be resource, boolean given in [/Library/WebServer/Documents/p10books_func/cake/libs/model/datasources/dbo/dbo_mysql.php, line 600]
2011-04-01 09:55:56 Warning: Warning (2): Cannot modify header information - headers already sent by (output started at /Library/WebServer/Documents/p10books_func/cake/libs/debugger.php:673) in [/Library/WebServer/Documents/p10books_func/cake/libs/controller/controller.php, line 742]
2011-04-01 11:29:20 Warning: Warning (2): array_merge() [http://php.net/function.array-merge]: Argument #3 is not an array in [/Library/WebServer/Documents/p10books_func/cake/libs/view/helpers/form.php, line 716]
2011-04-01 11:29:55 Warning: Warning (2): array_merge() [http://php.net/function.array-merge]: Argument #3 is not an array in [/Library/WebServer/Documents/p10books_func/cake/libs/view/helpers/form.php, line 716]
2011-04-01 11:30:39 Warning: Warning (2): array_merge() [http://php.net/function.array-merge]: Argument #3 is not an array in [/Library/WebServer/Documents/p10books_func/cake/libs/view/helpers/form.php, line 716]
2011-04-01 18:46:33 Warning: Warning (512): <span style="color:Red;text-align:left"><b>SQL Error:</b> 1054: Unknown column 'Comment.created' in 'order clause'</span> in [/Library/WebServer/Documents/p10books_func/cake/libs/model/datasources/dbo_source.php, line 684]
2011-04-01 19:19:34 Warning: Warning (2): Invalid argument supplied for foreach() in [/Library/WebServer/Documents/p10books_func/app/views/orders/history.ctp, line 14]
2011-04-01 19:20:05 Warning: Warning (2): Invalid argument supplied for foreach() in [/Library/WebServer/Documents/p10books_func/app/views/orders/history.ctp, line 15]
2011-04-01 19:20:31 Warning: Warning (2): Invalid argument supplied for foreach() in [/Library/WebServer/Documents/p10books_func/app/views/orders/history.ctp, line 15]
2011-04-01 21:04:21 Warning: Warning (2): mysql_connect() [http://php.net/function.mysql-connect]: [2002] No such file or directory (trying to connect via unix:///tmp/mysql.sock) in [/Library/WebServer/Documents/p10books_func/cake/libs/model/datasources/dbo/dbo_mysql.php, line 552]
2011-04-01 21:04:21 Warning: Warning (2): mysql_connect() [http://php.net/function.mysql-connect]: No such file or directory in [/Library/WebServer/Documents/p10books_func/cake/libs/model/datasources/dbo/dbo_mysql.php, line 552]
2011-04-01 21:04:21 Warning: Warning (2): mysql_select_db() expects parameter 2 to be resource, boolean given in [/Library/WebServer/Documents/p10books_func/cake/libs/model/datasources/dbo/dbo_mysql.php, line 558]
2011-04-01 21:04:21 Warning: Warning (2): mysql_get_server_info() expects parameter 1 to be resource, boolean given in [/Library/WebServer/Documents/p10books_func/cake/libs/model/datasources/dbo/dbo_mysql.php, line 566]
2011-04-01 21:04:21 Warning: Warning (2): mysql_query() expects parameter 2 to be resource, boolean given in [/Library/WebServer/Documents/p10books_func/cake/libs/model/datasources/dbo/dbo_mysql.php, line 600]
2011-04-01 21:04:21 Warning: Warning (2): Cannot modify header information - headers already sent by (output started at /Library/WebServer/Documents/p10books_func/cake/libs/debugger.php:673) in [/Library/WebServer/Documents/p10books_func/cake/libs/controller/controller.php, line 742]
2011-04-01 17:09:23 Warning: Warning (2): Invalid argument supplied for foreach() in [C:\wamp\www\p10books\app\views\books\sell.ctp, line 8]
2011-04-01 17:09:31 Warning: Warning (2): Invalid argument supplied for foreach() in [C:\wamp\www\p10books\app\views\books\sell.ctp, line 8]
2011-04-07 10:03:56 Warning: Warning (512): <span style="color:Red;text-align:left"><b>SQL Error:</b> 1054: Unknown column 'Book.user_id' in 'field list'</span> in [C:\wamp\www\p10books\cake\libs\model\datasources\dbo_source.php, line 684]
2011-04-07 10:03:56 Warning: Warning (2): Invalid argument supplied for foreach() in [C:\wamp\www\p10books\cake\libs\model\datasources\dbo_source.php, line 1098]
2011-04-07 10:05:07 Warning: Warning (512): <span style="color:Red;text-align:left"><b>SQL Error:</b> 1054: Unknown column 'Book.user_id' in 'field list'</span> in [C:\wamp\www\p10books\cake\libs\model\datasources\dbo_source.php, line 684]
2011-04-07 10:05:07 Warning: Warning (2): Invalid argument supplied for foreach() in [C:\wamp\www\p10books\cake\libs\model\datasources\dbo_source.php, line 1098]
2011-04-07 10:12:32 Warning: Warning (512): <span style="color:Red;text-align:left"><b>SQL Error:</b> 1054: Unknown column 'Book.user_id' in 'field list'</span> in [C:\wamp\www\p10books\cake\libs\model\datasources\dbo_source.php, line 684]
2011-04-07 10:12:32 Warning: Warning (2): Invalid argument supplied for foreach() in [C:\wamp\www\p10books\cake\libs\model\datasources\dbo_source.php, line 1098]
2011-04-07 10:12:57 Warning: Warning (512): <span style="color:Red;text-align:left"><b>SQL Error:</b> 1054: Unknown column 'Book.user_id' in 'field list'</span> in [C:\wamp\www\p10books\cake\libs\model\datasources\dbo_source.php, line 684]
2011-04-07 10:12:57 Warning: Warning (2): Invalid argument supplied for foreach() in [C:\wamp\www\p10books\cake\libs\model\datasources\dbo_source.php, line 1098]
2011-04-07 10:14:22 Warning: Warning (512): <span style="color:Red;text-align:left"><b>SQL Error:</b> 1054: Unknown column 'Book.user_id' in 'field list'</span> in [C:\wamp\www\p10books\cake\libs\model\datasources\dbo_source.php, line 684]
2011-04-07 10:14:22 Warning: Warning (2): Invalid argument supplied for foreach() in [C:\wamp\www\p10books\cake\libs\model\datasources\dbo_source.php, line 1098]
2011-04-07 10:14:43 Warning: Warning (512): <span style="color:Red;text-align:left"><b>SQL Error:</b> 1054: Unknown column 'Book.user_id' in 'field list'</span> in [C:\wamp\www\p10books\cake\libs\model\datasources\dbo_source.php, line 684]
2011-04-07 10:14:43 Warning: Warning (2): Invalid argument supplied for foreach() in [C:\wamp\www\p10books\cake\libs\model\datasources\dbo_source.php, line 1098]
2011-04-07 10:14:52 Warning: Warning (512): <span style="color:Red;text-align:left"><b>SQL Error:</b> 1054: Unknown column 'Book.user_id' in 'field list'</span> in [C:\wamp\www\p10books\cake\libs\model\datasources\dbo_source.php, line 684]
2011-04-07 10:14:52 Warning: Warning (2): Invalid argument supplied for foreach() in [C:\wamp\www\p10books\cake\libs\model\datasources\dbo_source.php, line 1098]
2011-04-07 10:20:37 Warning: Warning (512): <span style="color:Red;text-align:left"><b>SQL Error:</b> 1054: Unknown column 'Book.user_id' in 'field list'</span> in [C:\wamp\www\p10books\cake\libs\model\datasources\dbo_source.php, line 684]
2011-04-07 10:20:37 Warning: Warning (2): Invalid argument supplied for foreach() in [C:\wamp\www\p10books\cake\libs\model\datasources\dbo_source.php, line 1098]
2011-04-07 10:21:19 Warning: Warning (512): <span style="color:Red;text-align:left"><b>SQL Error:</b> 1054: Unknown column 'Book.user_id' in 'field list'</span> in [C:\wamp\www\p10books\cake\libs\model\datasources\dbo_source.php, line 684]
2011-04-07 10:21:19 Warning: Warning (2): Invalid argument supplied for foreach() in [C:\wamp\www\p10books\cake\libs\model\datasources\dbo_source.php, line 1098]
2011-04-07 10:21:25 Warning: Warning (512): <span style="color:Red;text-align:left"><b>SQL Error:</b> 1054: Unknown column 'Book.user_id' in 'field list'</span> in [C:\wamp\www\p10books\cake\libs\model\datasources\dbo_source.php, line 684]
2011-04-07 10:21:25 Warning: Warning (2): Invalid argument supplied for foreach() in [C:\wamp\www\p10books\cake\libs\model\datasources\dbo_source.php, line 1098]
2011-04-07 10:22:14 Warning: Warning (512): <span style="color:Red;text-align:left"><b>SQL Error:</b> 1054: Unknown column 'Book.user_id' in 'field list'</span> in [C:\wamp\www\p10books\cake\libs\model\datasources\dbo_source.php, line 684]
2011-04-07 10:22:14 Warning: Warning (2): Invalid argument supplied for foreach() in [C:\wamp\www\p10books\cake\libs\model\datasources\dbo_source.php, line 1098]
2011-04-07 10:24:48 Warning: Warning (512): <span style="color:Red;text-align:left"><b>SQL Error:</b> 1054: Unknown column 'Book.user_id' in 'field list'</span> in [C:\wamp\www\p10books\cake\libs\model\datasources\dbo_source.php, line 684]
2011-04-07 10:24:48 Warning: Warning (2): Invalid argument supplied for foreach() in [C:\wamp\www\p10books\cake\libs\model\datasources\dbo_source.php, line 1098]
2011-04-07 10:27:20 Warning: Warning (512): <span style="color:Red;text-align:left"><b>SQL Error:</b> 1054: Unknown column 'Book.user_id' in 'field list'</span> in [C:\wamp\www\p10books\cake\libs\model\datasources\dbo_source.php, line 684]
2011-04-07 10:27:20 Warning: Warning (2): Invalid argument supplied for foreach() in [C:\wamp\www\p10books\cake\libs\model\datasources\dbo_source.php, line 1098]
2011-04-07 10:34:30 Warning: Warning (512): <span style="color:Red;text-align:left"><b>SQL Error:</b> 1054: Unknown column 'Book.user_id' in 'field list'</span> in [C:\wamp\www\p10books\cake\libs\model\datasources\dbo_source.php, line 684]
2011-04-07 10:34:30 Warning: Warning (2): Invalid argument supplied for foreach() in [C:\wamp\www\p10books\cake\libs\model\datasources\dbo_source.php, line 1098]
2011-04-07 10:36:46 Warning: Warning (512): <span style="color:Red;text-align:left"><b>SQL Error:</b> 1054: Unknown column 'Book.user_id' in 'field list'</span> in [C:\wamp\www\p10books\cake\libs\model\datasources\dbo_source.php, line 684]
2011-04-07 10:36:46 Warning: Warning (2): Invalid argument supplied for foreach() in [C:\wamp\www\p10books\cake\libs\model\datasources\dbo_source.php, line 1098]
2011-04-17 13:13:53 Warning: Warning (512): <span style="color:Red;text-align:left"><b>SQL Error:</b> 1052: Column 'user_id' in where clause is ambiguous</span> in [C:\wamp\www\p10books\cake\libs\model\datasources\dbo_source.php, line 684]
2011-04-17 13:13:54 Warning: Warning (2): Invalid argument supplied for foreach() in [C:\wamp\www\p10books\app\views\users\chome.ctp, line 3]
2011-04-17 13:13:54 Warning: Warning (2): Invalid argument supplied for foreach() in [C:\wamp\www\p10books\app\views\users\chome.ctp, line 9]
2011-04-17 13:17:54 Warning: Warning (512): <span style="color:Red;text-align:left"><b>SQL Error:</b> 1052: Column 'user_id' in where clause is ambiguous</span> in [C:\wamp\www\p10books\cake\libs\model\datasources\dbo_source.php, line 684]
2011-04-17 13:17:54 Warning: Warning (2): Invalid argument supplied for foreach() in [C:\wamp\www\p10books\app\views\users\chome.ctp, line 9]
2011-04-17 13:19:15 Warning: Warning (512): <span style="color:Red;text-align:left"><b>SQL Error:</b> 1052: Column 'user_id' in where clause is ambiguous</span> in [C:\wamp\www\p10books\cake\libs\model\datasources\dbo_source.php, line 684]
2011-04-17 13:19:15 Warning: Warning (2): Invalid argument supplied for foreach() in [C:\wamp\www\p10books\app\views\users\chome.ctp, line 15]
2011-04-17 13:19:53 Warning: Warning (512): <span style="color:Red;text-align:left"><b>SQL Error:</b> 1052: Column 'user_id' in where clause is ambiguous</span> in [C:\wamp\www\p10books\cake\libs\model\datasources\dbo_source.php, line 684]
2011-04-17 13:19:53 Warning: Warning (2): Invalid argument supplied for foreach() in [C:\wamp\www\p10books\app\views\users\chome.ctp, line 19]
2011-04-17 13:22:19 Warning: Warning (512): <span style="color:Red;text-align:left"><b>SQL Error:</b> 1052: Column 'user_id' in where clause is ambiguous</span> in [C:\wamp\www\p10books\cake\libs\model\datasources\dbo_source.php, line 684]
2011-04-17 13:22:19 Warning: Warning (2): Invalid argument supplied for foreach() in [C:\wamp\www\p10books\app\views\users\chome.ctp, line 19]
2011-04-17 14:25:10 Warning: Warning (512): <span style="color:Red;text-align:left"><b>SQL Error:</b> 1052: Column 'user_id' in where clause is ambiguous</span> in [C:\wamp\www\p10books\cake\libs\model\datasources\dbo_source.php, line 684]
2011-04-17 14:25:10 Warning: Warning (2): Invalid argument supplied for foreach() in [C:\wamp\www\p10books\app\views\users\chome.ctp, line 19]
2011-04-17 14:26:42 Warning: Warning (512): <span style="color:Red;text-align:left"><b>SQL Error:</b> 1052: Column 'user_id' in where clause is ambiguous</span> in [C:\wamp\www\p10books\cake\libs\model\datasources\dbo_source.php, line 684]
2011-04-17 14:26:42 Warning: Warning (2): Invalid argument supplied for foreach() in [C:\wamp\www\p10books\app\views\users\chome.ctp, line 19]
2011-04-17 15:06:01 Warning: Warning (512): <span style="color:Red;text-align:left"><b>SQL Error:</b> 1052: Column 'user_id' in where clause is ambiguous</span> in [C:\wamp\www\p10books\cake\libs\model\datasources\dbo_source.php, line 684]
2011-04-17 15:06:01 Warning: Warning (2): Invalid argument supplied for foreach() in [C:\wamp\www\p10books\app\views\users\chome.ctp, line 19]
2011-04-17 15:09:33 Warning: Warning (512): <span style="color:Red;text-align:left"><b>SQL Error:</b> 1052: Column 'user_id' in where clause is ambiguous</span> in [C:\wamp\www\p10books\cake\libs\model\datasources\dbo_source.php, line 684]
2011-04-17 15:09:33 Warning: Warning (2): Invalid argument supplied for foreach() in [C:\wamp\www\p10books\app\views\users\chome.ctp, line 19]
2011-04-17 15:54:43 Warning: Warning (2): Invalid argument supplied for foreach() in [C:\wamp\www\p10books\app\views\users\chome.ctp, line 1]
2011-04-17 17:05:44 Warning: Warning (2): Invalid argument supplied for foreach() in [C:\wamp\www\p10books\app\views\users\chome.ctp, line 1]
2011-04-17 17:05:44 Warning: Warning (2): Invalid argument supplied for foreach() in [C:\wamp\www\p10books\app\views\users\chome.ctp, line 9]
2011-04-17 17:21:23 Warning: Warning (512): <span style="color:Red;text-align:left"><b>SQL Error:</b> 1066: Not unique table/alias: 'User'</span> in [C:\wamp\www\p10books\cake\libs\model\datasources\dbo_source.php, line 684]
2011-04-17 17:21:23 Warning: Warning (2): Invalid argument supplied for foreach() in [C:\wamp\www\p10books\app\views\users\chome.ctp, line 1]
2011-04-17 17:25:46 Warning: Warning (512): <span style="color:Red;text-align:left"><b>SQL Error:</b> 1054: Unknown column 'User.branch' in 'on clause'</span> in [C:\wamp\www\p10books\cake\libs\model\datasources\dbo_source.php, line 684]
2011-04-17 17:25:46 Warning: Warning (2): Invalid argument supplied for foreach() in [C:\wamp\www\p10books\app\views\users\chome.ctp, line 1]
2011-04-17 17:27:13 Warning: Warning (512): <span style="color:Red;text-align:left"><b>SQL Error:</b> 1066: Not unique table/alias: 'User'</span> in [C:\wamp\www\p10books\cake\libs\model\datasources\dbo_source.php, line 684]
2011-04-17 17:27:13 Warning: Warning (2): Invalid argument supplied for foreach() in [C:\wamp\www\p10books\app\views\users\chome.ctp, line 1]
2011-04-17 17:28:15 Warning: Warning (512): <span style="color:Red;text-align:left"><b>SQL Error:</b> 1054: Unknown column 'User.branch' in 'on clause'</span> in [C:\wamp\www\p10books\cake\libs\model\datasources\dbo_source.php, line 684]
2011-04-17 17:28:15 Warning: Warning (2): Invalid argument supplied for foreach() in [C:\wamp\www\p10books\app\views\users\chome.ctp, line 1]
2011-04-18 07:47:11 Warning: Warning (512): <span style="color:Red;text-align:left"><b>SQL Error:</b> 1054: Unknown column 'Order.user_id' in 'on clause'</span> in [C:\wamp\www\p10books\cake\libs\model\datasources\dbo_source.php, line 684]
2011-04-18 07:47:11 Warning: Warning (2): Invalid argument supplied for foreach() in [C:\wamp\www\p10books\app\views\users\chome.ctp, line 3]
2011-04-18 07:56:25 Warning: Warning (512): <span style="color:Red;text-align:left"><b>SQL Error:</b> 1054: Unknown column 'Order.user_id' in 'on clause'</span> in [C:\wamp\www\p10books\cake\libs\model\datasources\dbo_source.php, line 684]
2011-04-18 07:56:25 Warning: Warning (2): Invalid argument supplied for foreach() in [C:\wamp\www\p10books\app\views\users\chome.ctp, line 3]
2011-04-18 08:06:04 Warning: Warning (512): <span style="color:Red;text-align:left"><b>SQL Error:</b> 1054: Unknown column 'Order.user_id' in 'on clause'</span> in [C:\wamp\www\p10books\cake\libs\model\datasources\dbo_source.php, line 684]
2011-04-18 08:06:04 Warning: Warning (2): Invalid argument supplied for foreach() in [C:\wamp\www\p10books\app\views\users\chome.ctp, line 3]
2011-04-18 08:18:05 Warning: Warning (512): <span style="color:Red;text-align:left"><b>SQL Error:</b> 1054: Unknown column 'Order.user_id' in 'on clause'</span> in [C:\wamp\www\p10books\cake\libs\model\datasources\dbo_source.php, line 684]
2011-04-18 08:18:05 Warning: Warning (2): Invalid argument supplied for foreach() in [C:\wamp\www\p10books\app\views\users\chome.ctp, line 3]
2011-04-18 08:23:14 Warning: Warning (512): <span style="color:Red;text-align:left"><b>SQL Error:</b> 1066: Not unique table/alias: 'Order'</span> in [C:\wamp\www\p10books\cake\libs\model\datasources\dbo_source.php, line 684]
2011-04-18 08:23:14 Warning: Warning (512): <span style="color:Red;text-align:left"><b>SQL Error:</b> 1054: Unknown column 'User1.id' in 'on clause'</span> in [C:\wamp\www\p10books\cake\libs\model\datasources\dbo_source.php, line 684]
2011-04-18 08:23:14 Warning: Warning (2): Invalid argument supplied for foreach() in [C:\wamp\www\p10books\app\views\users\chome.ctp, line 1]
2011-04-18 08:23:35 Warning: Warning (512): <span style="color:Red;text-align:left"><b>SQL Error:</b> 1054: Unknown column 'User.branch' in 'on clause'</span> in [C:\wamp\www\p10books\cake\libs\model\datasources\dbo_source.php, line 684]
2011-04-18 08:23:35 Warning: Warning (512): <span style="color:Red;text-align:left"><b>SQL Error:</b> 1054: Unknown column 'User1.id' in 'on clause'</span> in [C:\wamp\www\p10books\cake\libs\model\datasources\dbo_source.php, line 684]
2011-04-18 08:23:35 Warning: Warning (2): Invalid argument supplied for foreach() in [C:\wamp\www\p10books\app\views\users\chome.ctp, line 1]
2011-04-18 08:23:53 Warning: Warning (512): <span style="color:Red;text-align:left"><b>SQL Error:</b> 1054: Unknown column 'User.branch' in 'on clause'</span> in [C:\wamp\www\p10books\cake\libs\model\datasources\dbo_source.php, line 684]
2011-04-18 08:23:53 Warning: Warning (2): Invalid argument supplied for foreach() in [C:\wamp\www\p10books\app\views\users\chome.ctp, line 1]
2011-04-18 08:26:26 Warning: Warning (512): <span style="color:Red;text-align:left"><b>SQL Error:</b> 1054: Unknown column 'Order.user_id' in 'on clause'</span> in [C:\wamp\www\p10books\cake\libs\model\datasources\dbo_source.php, line 684]
2011-04-18 08:26:26 Warning: Warning (2): Invalid argument supplied for foreach() in [C:\wamp\www\p10books\app\views\users\chome.ctp, line 3]
2011-04-18 08:35:00 Warning: Warning (512): <span style="color:Red;text-align:left"><b>SQL Error:</b> 1066: Not unique table/alias: 'Order'</span> in [C:\wamp\www\p10books\cake\libs\model\datasources\dbo_source.php, line 684]
2011-04-18 08:35:00 Warning: Warning (512): <span style="color:Red;text-align:left"><b>SQL Error:</b> 1054: Unknown column 'Order.user_id' in 'on clause'</span> in [C:\wamp\www\p10books\cake\libs\model\datasources\dbo_source.php, line 684]
2011-04-18 08:35:00 Warning: Warning (2): Invalid argument supplied for foreach() in [C:\wamp\www\p10books\app\views\users\chome.ctp, line 1]
2011-04-18 08:35:15 Warning: Warning (512): <span style="color:Red;text-align:left"><b>SQL Error:</b> 1054: Unknown column 'User.id' in 'on clause'</span> in [C:\wamp\www\p10books\cake\libs\model\datasources\dbo_source.php, line 684]
2011-04-18 08:35:15 Warning: Warning (512): <span style="color:Red;text-align:left"><b>SQL Error:</b> 1054: Unknown column 'Order.user_id' in 'on clause'</span> in [C:\wamp\www\p10books\cake\libs\model\datasources\dbo_source.php, line 684]
2011-04-18 08:35:15 Warning: Warning (2): Invalid argument supplied for foreach() in [C:\wamp\www\p10books\app\views\users\chome.ctp, line 1]
